<?xml version="1.0" encoding="UTF-8"?>
<testsuite xmlns:xsi="http://www.w3.org/2001/XMLSchema-instance" xsi:noNamespaceSchemaLocation="https://maven.apache.org/surefire/maven-surefire-plugin/xsd/surefire-test-report.xsd" name="com.narcs.AppTest" time="0.017" tests="1" errors="0" skipped="0" failures="0">
  <properties>
    <property name="sun.desktop" value="gnome"/>
    <property name="awt.toolkit" value="sun.awt.X11.XToolkit"/>
    <property name="java.specification.version" value="11"/>
    <property name="sun.cpu.isalist" value=""/>
    <property name="sun.jnu.encoding" value="UTF-8"/>
    <property name="java.class.path" value="/home/marcos/Projects/DIY/Projects/PlantuinoIII/JavaController/Controller/target/test-classes:/home/marcos/Projects/DIY/Projects/PlantuinoIII/JavaController/Controller/target/classes:/home/marcos/.m2/repository/junit/junit/3.8.1/junit-3.8.1.jar:/home/marcos/.m2/repository/commons-cli/commons-cli/1.3/commons-cli-1.3.jar:/home/marcos/.m2/repository/org/eclipse/paho/org.eclipse.paho.client.mqttv3/1.2.5/org.eclipse.paho.client.mqttv3-1.2.5.jar:/home/marcos/.m2/repository/com/googlecode/json-simple/json-simple/1.1.1/json-simple-1.1.1.jar:"/>
    <property name="java.vm.vendor" value="Ubuntu"/>
    <property name="sun.arch.data.model" value="64"/>
    <property name="java.vendor.url" value="https://ubuntu.com/"/>
    <property name="user.timezone" value=""/>
    <property name="java.vm.specification.version" value="11"/>
    <property name="os.name" value="Linux"/>
    <property name="sun.java.launcher" value="SUN_STANDARD"/>
    <property name="user.country" value="US"/>
    <property name="sun.boot.library.path" value="/usr/lib/jvm/java-11-openjdk-amd64/lib"/>
    <property name="sun.java.command" value="/home/marcos/Projects/DIY/Projects/PlantuinoIII/JavaController/Controller/target/surefire/surefirebooter4351467780316621803.jar /home/marcos/Projects/DIY/Projects/PlantuinoIII/JavaController/Controller/target/surefire 2021-06-18T21-31-26_420-jvmRun1 surefire11577166769718841531tmp surefire_05517685956280924826tmp"/>
    <property name="jdk.debug" value="release"/>
    <property name="surefire.test.class.path" value="/home/marcos/Projects/DIY/Projects/PlantuinoIII/JavaController/Controller/target/test-classes:/home/marcos/Projects/DIY/Projects/PlantuinoIII/JavaController/Controller/target/classes:/home/marcos/.m2/repository/junit/junit/3.8.1/junit-3.8.1.jar:/home/marcos/.m2/repository/commons-cli/commons-cli/1.3/commons-cli-1.3.jar:/home/marcos/.m2/repository/org/eclipse/paho/org.eclipse.paho.client.mqttv3/1.2.5/org.eclipse.paho.client.mqttv3-1.2.5.jar:/home/marcos/.m2/repository/com/googlecode/json-simple/json-simple/1.1.1/json-simple-1.1.1.jar:"/>
    <property name="sun.cpu.endian" value="little"/>
    <property name="user.home" value="/home/marcos"/>
    <property name="user.language" value="en"/>
    <property name="java.specification.vendor" value="Oracle Corporation"/>
    <property name="java.version.date" value="2021-04-20"/>
    <property name="java.home" value="/usr/lib/jvm/java-11-openjdk-amd64"/>
    <property name="file.separator" value="/"/>
    <property name="basedir" value="/home/marcos/Projects/DIY/Projects/PlantuinoIII/JavaController/Controller"/>
    <property name="java.vm.compressedOopsMode" value="32-bit"/>
    <property name="line.separator" value="&#10;"/>
    <property name="java.specification.name" value="Java Platform API Specification"/>
    <property name="java.vm.specification.vendor" value="Oracle Corporation"/>
    <property name="java.awt.graphicsenv" value="sun.awt.X11GraphicsEnvironment"/>
    <property name="surefire.real.class.path" value="/home/marcos/Projects/DIY/Projects/PlantuinoIII/JavaController/Controller/target/surefire/surefirebooter4351467780316621803.jar"/>
    <property name="sun.management.compiler" value="HotSpot 64-Bit Tiered Compilers"/>
    <property name="java.runtime.version" value="11.0.11+9-Ubuntu-0ubuntu2.20.04"/>
    <property name="user.name" value="marcos"/>
    <property name="path.separator" value=":"/>
    <property name="os.version" value="5.8.0-55-generic"/>
    <property name="java.runtime.name" value="OpenJDK Runtime Environment"/>
    <property name="file.encoding" value="UTF-8"/>
    <property name="java.vm.name" value="OpenJDK 64-Bit Server VM"/>
    <property name="localRepository" value="/home/marcos/.m2/repository"/>
    <property name="java.vendor.url.bug" value="https://bugs.launchpad.net/ubuntu/+source/openjdk-lts"/>
    <property name="java.io.tmpdir" value="/tmp"/>
    <property name="java.version" value="11.0.11"/>
    <property name="user.dir" value="/home/marcos/Projects/DIY/Projects/PlantuinoIII/JavaController/Controller"/>
    <property name="os.arch" value="amd64"/>
    <property name="java.vm.specification.name" value="Java Virtual Machine Specification"/>
    <property name="java.awt.printerjob" value="sun.print.PSPrinterJob"/>
    <property name="sun.os.patch.level" value="unknown"/>
    <property name="java.library.path" value="/usr/java/packages/lib:/usr/lib/x86_64-linux-gnu/jni:/lib/x86_64-linux-gnu:/usr/lib/x86_64-linux-gnu:/usr/lib/jni:/lib:/usr/lib"/>
    <property name="java.vm.info" value="mixed mode, sharing"/>
    <property name="java.vendor" value="Ubuntu"/>
    <property name="java.vm.version" value="11.0.11+9-Ubuntu-0ubuntu2.20.04"/>
    <property name="sun.io.unicode.encoding" value="UnicodeLittle"/>
    <property name="java.class.version" value="55.0"/>
  </properties>
  <testcase name="testApp" classname="com.narcs.AppTest" time="0.003"/>
</testsuite>